{"__type":"$$EventMessageWorkflow","id":"6f636344-ab20-402b-bf72-ab1e7cc7bd6e","ts":"2026-01-03T15:52:15.209+00:00","eventName":"n8n.workflow.started","message":"n8n.workflow.started","payload":{"executionId":"6","workflowId":"xskMIRmLUTrnxmN3","isManual":false,"workflowName":"My workflow"}}
{"__type":"$$EventMessageConfirm","confirm":"6f636344-ab20-402b-bf72-ab1e7cc7bd6e","ts":"2026-01-03T15:52:15.209+00:00","source":{"id":"0","name":"eventBus"}}
{"__type":"$$EventMessageNode","id":"7ebd688a-ffc7-4fbb-99e5-60e70d7e63a6","ts":"2026-01-03T15:52:15.211+00:00","eventName":"n8n.node.started","message":"n8n.node.started","payload":{"workflowId":"xskMIRmLUTrnxmN3","workflowName":"My workflow","executionId":"6","nodeType":"n8n-nodes-base.manualTrigger","nodeName":"When clicking ‘Execute workflow’","nodeId":"1e055fca-048b-436e-99be-104cdc7bac1f"}}
{"__type":"$$EventMessageConfirm","confirm":"7ebd688a-ffc7-4fbb-99e5-60e70d7e63a6","ts":"2026-01-03T15:52:15.211+00:00","source":{"id":"0","name":"eventBus"}}
{"__type":"$$EventMessageNode","id":"9b5bfc03-5e23-4d74-9892-f1bb431729d0","ts":"2026-01-03T15:52:15.215+00:00","eventName":"n8n.node.finished","message":"n8n.node.finished","payload":{"workflowId":"xskMIRmLUTrnxmN3","workflowName":"My workflow","executionId":"6","nodeType":"n8n-nodes-base.manualTrigger","nodeName":"When clicking ‘Execute workflow’","nodeId":"1e055fca-048b-436e-99be-104cdc7bac1f"}}
{"__type":"$$EventMessageConfirm","confirm":"9b5bfc03-5e23-4d74-9892-f1bb431729d0","ts":"2026-01-03T15:52:15.215+00:00","source":{"id":"0","name":"eventBus"}}
{"__type":"$$EventMessageNode","id":"8dec8a3f-8a30-44b1-ba9c-56d81695c38d","ts":"2026-01-03T15:52:15.217+00:00","eventName":"n8n.node.started","message":"n8n.node.started","payload":{"workflowId":"xskMIRmLUTrnxmN3","workflowName":"My workflow","executionId":"6","nodeType":"n8n-nodes-base.httpRequest","nodeName":"HTTP Request","nodeId":"b6b1cb6e-6aaf-46c5-b050-17d2e7bfaeb6"}}
{"__type":"$$EventMessageConfirm","confirm":"8dec8a3f-8a30-44b1-ba9c-56d81695c38d","ts":"2026-01-03T15:52:15.217+00:00","source":{"id":"0","name":"eventBus"}}
{"__type":"$$EventMessageNode","id":"5de1151b-f8f2-48ce-93e2-1254f0bbc438","ts":"2026-01-03T15:52:15.437+00:00","eventName":"n8n.node.finished","message":"n8n.node.finished","payload":{"workflowId":"xskMIRmLUTrnxmN3","workflowName":"My workflow","executionId":"6","nodeType":"n8n-nodes-base.httpRequest","nodeName":"HTTP Request","nodeId":"b6b1cb6e-6aaf-46c5-b050-17d2e7bfaeb6"}}
{"__type":"$$EventMessageConfirm","confirm":"5de1151b-f8f2-48ce-93e2-1254f0bbc438","ts":"2026-01-03T15:52:15.438+00:00","source":{"id":"0","name":"eventBus"}}
{"__type":"$$EventMessageWorkflow","id":"e22f1fe7-e383-41f8-98b9-42454c45cf11","ts":"2026-01-03T15:52:15.451+00:00","eventName":"n8n.workflow.failed","message":"n8n.workflow.failed","payload":{"userId":"77ebf23a-403a-4a18-a03a-22c8dbcff6d2","executionId":"6","success":false,"isManual":true,"workflowId":"xskMIRmLUTrnxmN3","workflowName":"My workflow","lastNodeExecuted":"HTTP Request","errorNodeType":"n8n-nodes-base.httpRequest","errorMessage":"The service was not able to process your request"}}
{"__type":"$$EventMessageConfirm","confirm":"e22f1fe7-e383-41f8-98b9-42454c45cf11","ts":"2026-01-03T15:52:15.451+00:00","source":{"id":"0","name":"eventBus"}}
{"__type":"$$EventMessageWorkflow","id":"aa58ce7a-4d73-40c6-a548-b8b9bcb9dcd7","ts":"2026-01-03T15:54:24.314+00:00","eventName":"n8n.workflow.started","message":"n8n.workflow.started","payload":{"executionId":"7","workflowId":"xskMIRmLUTrnxmN3","isManual":false,"workflowName":"My workflow"}}
{"__type":"$$EventMessageConfirm","confirm":"aa58ce7a-4d73-40c6-a548-b8b9bcb9dcd7","ts":"2026-01-03T15:54:24.315+00:00","source":{"id":"0","name":"eventBus"}}
{"__type":"$$EventMessageNode","id":"58147837-2d37-4ea4-b929-bb574bfb9c51","ts":"2026-01-03T15:54:24.316+00:00","eventName":"n8n.node.started","message":"n8n.node.started","payload":{"workflowId":"xskMIRmLUTrnxmN3","workflowName":"My workflow","executionId":"7","nodeType":"n8n-nodes-base.manualTrigger","nodeName":"When clicking ‘Execute workflow’","nodeId":"1e055fca-048b-436e-99be-104cdc7bac1f"}}
{"__type":"$$EventMessageConfirm","confirm":"58147837-2d37-4ea4-b929-bb574bfb9c51","ts":"2026-01-03T15:54:24.316+00:00","source":{"id":"0","name":"eventBus"}}
{"__type":"$$EventMessageNode","id":"bd475c3b-58d9-4227-9e0d-aa619c4722ad","ts":"2026-01-03T15:54:24.317+00:00","eventName":"n8n.node.finished","message":"n8n.node.finished","payload":{"workflowId":"xskMIRmLUTrnxmN3","workflowName":"My workflow","executionId":"7","nodeType":"n8n-nodes-base.manualTrigger","nodeName":"When clicking ‘Execute workflow’","nodeId":"1e055fca-048b-436e-99be-104cdc7bac1f"}}
{"__type":"$$EventMessageConfirm","confirm":"bd475c3b-58d9-4227-9e0d-aa619c4722ad","ts":"2026-01-03T15:54:24.317+00:00","source":{"id":"0","name":"eventBus"}}
{"__type":"$$EventMessageNode","id":"3500f4be-c1f1-4342-823a-c7d52b976b3f","ts":"2026-01-03T15:54:24.318+00:00","eventName":"n8n.node.started","message":"n8n.node.started","payload":{"workflowId":"xskMIRmLUTrnxmN3","workflowName":"My workflow","executionId":"7","nodeType":"n8n-nodes-base.httpRequest","nodeName":"HTTP Request","nodeId":"b6b1cb6e-6aaf-46c5-b050-17d2e7bfaeb6"}}
{"__type":"$$EventMessageConfirm","confirm":"3500f4be-c1f1-4342-823a-c7d52b976b3f","ts":"2026-01-03T15:54:24.319+00:00","source":{"id":"0","name":"eventBus"}}
{"__type":"$$EventMessageNode","id":"df459933-60cf-456a-80be-ba09fe011254","ts":"2026-01-03T15:54:24.612+00:00","eventName":"n8n.node.finished","message":"n8n.node.finished","payload":{"workflowId":"xskMIRmLUTrnxmN3","workflowName":"My workflow","executionId":"7","nodeType":"n8n-nodes-base.httpRequest","nodeName":"HTTP Request","nodeId":"b6b1cb6e-6aaf-46c5-b050-17d2e7bfaeb6"}}
{"__type":"$$EventMessageConfirm","confirm":"df459933-60cf-456a-80be-ba09fe011254","ts":"2026-01-03T15:54:24.613+00:00","source":{"id":"0","name":"eventBus"}}
{"__type":"$$EventMessageWorkflow","id":"c6ae7508-8f75-4406-ac63-b723fdefe35c","ts":"2026-01-03T15:54:24.616+00:00","eventName":"n8n.workflow.success","message":"n8n.workflow.success","payload":{"userId":"77ebf23a-403a-4a18-a03a-22c8dbcff6d2","executionId":"7","success":true,"isManual":true,"workflowId":"xskMIRmLUTrnxmN3","workflowName":"My workflow"}}
{"__type":"$$EventMessageConfirm","confirm":"c6ae7508-8f75-4406-ac63-b723fdefe35c","ts":"2026-01-03T15:54:24.616+00:00","source":{"id":"0","name":"eventBus"}}
